[debug] [2022-03-13T08:09:49.320Z] ----------------------------------------------------------------------
[debug] [2022-03-13T08:09:49.323Z] Command:       C:\Program Files\nodejs\node.exe C:\Users\User\AppData\Roaming\npm\node_modules\firebase-tools\lib\bin\firebase.js deploy
[debug] [2022-03-13T08:09:49.324Z] CLI Version:   10.2.2
[debug] [2022-03-13T08:09:49.324Z] Platform:      win32
[debug] [2022-03-13T08:09:49.324Z] Node Version:  v16.14.0
[debug] [2022-03-13T08:09:49.357Z] Time:          Sun Mar 13 2022 14:09:49 GMT+0600 (Bangladesh Standard Time)
[debug] [2022-03-13T08:09:49.358Z] ----------------------------------------------------------------------
[debug] 
[debug] [2022-03-13T08:09:49.464Z] > command requires scopes: ["email","openid","https://www.googleapis.com/auth/cloudplatformprojects.readonly","https://www.googleapis.com/auth/firebase","https://www.googleapis.com/auth/cloud-platform"]
[debug] [2022-03-13T08:09:49.465Z] > authorizing via signed-in user (meemrumi59@gmail.com)
[debug] [2022-03-13T08:09:49.465Z] [iam] checking project your-highway for permissions ["firebase.projects.get","firebasehosting.sites.update"]
[debug] [2022-03-13T08:09:49.467Z] > refreshing access token with scopes: []
[debug] [2022-03-13T08:09:49.468Z] >>> HTTP REQUEST POST https://www.googleapis.com/oauth2/v3/token  
 <request body omitted>
[debug] [2022-03-13T08:09:49.987Z] <<< HTTP RESPONSE 200 {"date":"Sun, 13 Mar 2022 08:09:55 GMT","cache-control":"no-cache, no-store, max-age=0, must-revalidate","pragma":"no-cache","expires":"Mon, 01 Jan 1990 00:00:00 GMT","content-type":"application/json; charset=utf-8","vary":"X-Origin, Referer, Origin,Accept-Encoding","server":"scaffolding on HTTPServer2","x-xss-protection":"0","x-frame-options":"SAMEORIGIN","x-content-type-options":"nosniff","alt-svc":"h3=\":443\"; ma=2592000,h3-29=\":443\"; ma=2592000,h3-Q050=\":443\"; ma=2592000,h3-Q046=\":443\"; ma=2592000,h3-Q043=\":443\"; ma=2592000,quic=\":443\"; ma=2592000; v=\"46,43\"","accept-ranges":"none","transfer-encoding":"chunked"}
[debug] [2022-03-13T08:09:50.011Z] >>> [apiv2][query] POST https://cloudresourcemanager.googleapis.com/v1/projects/your-highway:testIamPermissions [none]
[debug] [2022-03-13T08:09:50.011Z] >>> [apiv2][body] POST https://cloudresourcemanager.googleapis.com/v1/projects/your-highway:testIamPermissions {"permissions":["firebase.projects.get","firebasehosting.sites.update"]}
[debug] [2022-03-13T08:09:51.700Z] <<< [apiv2][status] POST https://cloudresourcemanager.googleapis.com/v1/projects/your-highway:testIamPermissions 200
[debug] [2022-03-13T08:09:51.700Z] <<< [apiv2][body] POST https://cloudresourcemanager.googleapis.com/v1/projects/your-highway:testIamPermissions {"permissions":["firebase.projects.get","firebasehosting.sites.update"]}
[debug] [2022-03-13T08:09:51.702Z] >>> [apiv2][query] GET https://firebase.googleapis.com/v1beta1/projects/your-highway [none]
[debug] [2022-03-13T08:09:52.317Z] <<< [apiv2][status] GET https://firebase.googleapis.com/v1beta1/projects/your-highway 200
[debug] [2022-03-13T08:09:52.318Z] <<< [apiv2][body] GET https://firebase.googleapis.com/v1beta1/projects/your-highway {"projectId":"your-highway","projectNumber":"454489422773","displayName":"your-highway","name":"projects/your-highway","resources":{"hostingSite":"your-highway"},"state":"ACTIVE"}
[info] 
[info] === Deploying to 'your-highway'...
[info] 
[info] i  deploying hosting 
[debug] [2022-03-13T08:09:52.326Z] >>> [apiv2][query] GET https://firebase.googleapis.com/v1beta1/projects/your-highway [none]
[debug] [2022-03-13T08:09:52.910Z] <<< [apiv2][status] GET https://firebase.googleapis.com/v1beta1/projects/your-highway 200
[debug] [2022-03-13T08:09:52.910Z] <<< [apiv2][body] GET https://firebase.googleapis.com/v1beta1/projects/your-highway {"projectId":"your-highway","projectNumber":"454489422773","displayName":"your-highway","name":"projects/your-highway","resources":{"hostingSite":"your-highway"},"state":"ACTIVE"}
[debug] [2022-03-13T08:09:52.914Z] >>> [apiv2][query] POST https://firebasehosting.googleapis.com/v1beta1/projects/454489422773/sites/your-highway/versions [none]
[debug] [2022-03-13T08:09:52.914Z] >>> [apiv2][body] POST https://firebasehosting.googleapis.com/v1beta1/projects/454489422773/sites/your-highway/versions {"config":{},"labels":{"deployment-tool":"cli-firebase"}}
[debug] [2022-03-13T08:09:55.150Z] <<< [apiv2][status] POST https://firebasehosting.googleapis.com/v1beta1/projects/454489422773/sites/your-highway/versions 200
[debug] [2022-03-13T08:09:55.150Z] <<< [apiv2][body] POST https://firebasehosting.googleapis.com/v1beta1/projects/454489422773/sites/your-highway/versions {"name":"projects/454489422773/sites/your-highway/versions/92ae8aeb1ca725f8","status":"CREATED","config":{},"labels":{"deployment-tool":"cli-firebase"}}
[info] i  hosting[your-highway]: beginning deploy... 
[info] i  hosting[your-highway]: found 17 files in build 
[debug] [2022-03-13T08:09:56.459Z] [hosting] hash cache [YnVpbGQ] stored for 17 files
[debug] [2022-03-13T08:09:56.460Z] [hosting][hash queue][FINAL] {"max":1275,"min":3,"avg":95.17647058823529,"active":0,"complete":17,"success":17,"errored":0,"retried":0,"total":17,"elapsed":1283}
[debug] [2022-03-13T08:09:56.460Z] >>> [apiv2][query] POST https://firebasehosting.googleapis.com/v1beta1/projects/454489422773/sites/your-highway/versions/92ae8aeb1ca725f8:populateFiles [none]
[debug] [2022-03-13T08:09:56.461Z] >>> [apiv2][body] POST https://firebasehosting.googleapis.com/v1beta1/projects/454489422773/sites/your-highway/versions/92ae8aeb1ca725f8:populateFiles {"files":{"/fakedata.json":"8841593827e2301b9b795d0d2a260c58e7b3cad7e91e6a374e72a7deec774e8e","/favicon.ico":"ceaf4333248d3292baaf9095c9e93507ac2dfe6fb7ab4f4213ebaac4e890d0e2","/logo192.png":"3ee59515172ee198f3be375979df15ac5345183e656720a381b8872b2a39dc8b","/logo512.png":"ee7e2f3fdb8209c4b6fd7bef6ba50d1b9dba30a25bb5c3126df057e1cb6f5331","/manifest.json":"5c997de1364b8be939319fa9209abd77f2caf7f8844999a9e2e9173f844e7840","/robots.txt":"b2090cf9761ef60aa06e4fab97679bd43dfa5e5df073701ead5879d7c68f1ec5","/asset-manifest.json":"3a8aa4c2d807c70df426fd14cd41b95cbae17689e7aa59fc0d25f8c63cae1426","/index.html":"5f6a8f7cda1b96f239c163ad34d01528b95474ad4c95b41eeef7ac3a193fdf37","/static/css/main.2ed8ba4d.css":"1e4f9a7592ff5b122f5d6721664a512de52e86f6114150d5054953f671f91829","/static/js/787.bd186317.chunk.js":"b88faca1a1717a6a45597076b7dfd6f4a5ce65f606d388c1a413839821cb1a04","/static/js/main.15ab3a94.js.LICENSE.txt":"bc1269342da257c8688cdf1d4a58d6af1df1ac911985f17a2376505772eb7a87","/static/js/787.bd186317.chunk.js.map":"b346f3f6a6e0558f90dc85a1c50df22114fb914e08219667f0401609cfb890f8","/static/css/main.2ed8ba4d.css.map":"2870d6c813f818d75231ef4a36c7d3fb87d29d20a05dfc868d6a3689832fa0f2","/static/media/login.9b8e301573a4015762b8.png":"ce8756aa4b47f63eacc8cc3831c8cb88b9920a6aeaf5d04faa278c2120285487","/static/js/main.15ab3a94.js":"3ca01b7f97897088e0d6e5e53258ce441645c0fce60941d92ace6752ce3d5e77","/static/media/banner.f4625b39960b350d04aa.jpg":"a3fe799a70ff76aa89070b4e18db5211fc6836b4e90b63c4899c21ff5ea8ff8c","/static/js/main.15ab3a94.js.map":"7c1aa2768f7070fbde34d07902decca9be4b8efdeead20b07a4df49a387b2bba"}}
[debug] [2022-03-13T08:09:58.422Z] <<< [apiv2][status] POST https://firebasehosting.googleapis.com/v1beta1/projects/454489422773/sites/your-highway/versions/92ae8aeb1ca725f8:populateFiles 200
[debug] [2022-03-13T08:09:58.423Z] <<< [apiv2][body] POST https://firebasehosting.googleapis.com/v1beta1/projects/454489422773/sites/your-highway/versions/92ae8aeb1ca725f8:populateFiles {"uploadRequiredHashes":["7c1aa2768f7070fbde34d07902decca9be4b8efdeead20b07a4df49a387b2bba","3ca01b7f97897088e0d6e5e53258ce441645c0fce60941d92ace6752ce3d5e77","2870d6c813f818d75231ef4a36c7d3fb87d29d20a05dfc868d6a3689832fa0f2","5f6a8f7cda1b96f239c163ad34d01528b95474ad4c95b41eeef7ac3a193fdf37","3a8aa4c2d807c70df426fd14cd41b95cbae17689e7aa59fc0d25f8c63cae1426"],"uploadUrl":"https://upload-firebasehosting.googleapis.com/upload/sites/your-highway/versions/92ae8aeb1ca725f8/files"}
[debug] [2022-03-13T08:09:58.427Z] >>> [apiv2][query] POST https://upload-firebasehosting.googleapis.com/upload/sites/your-highway/versions/92ae8aeb1ca725f8/files/7c1aa2768f7070fbde34d07902decca9be4b8efdeead20b07a4df49a387b2bba [none]
[debug] [2022-03-13T08:09:58.427Z] >>> [apiv2][body] POST https://upload-firebasehosting.googleapis.com/upload/sites/your-highway/versions/92ae8aeb1ca725f8/files/7c1aa2768f7070fbde34d07902decca9be4b8efdeead20b07a4df49a387b2bba [stream]
[debug] [2022-03-13T08:09:58.429Z] >>> [apiv2][query] POST https://upload-firebasehosting.googleapis.com/upload/sites/your-highway/versions/92ae8aeb1ca725f8/files/3ca01b7f97897088e0d6e5e53258ce441645c0fce60941d92ace6752ce3d5e77 [none]
[debug] [2022-03-13T08:09:58.429Z] >>> [apiv2][body] POST https://upload-firebasehosting.googleapis.com/upload/sites/your-highway/versions/92ae8aeb1ca725f8/files/3ca01b7f97897088e0d6e5e53258ce441645c0fce60941d92ace6752ce3d5e77 [stream]
[debug] [2022-03-13T08:09:58.431Z] >>> [apiv2][query] POST https://upload-firebasehosting.googleapis.com/upload/sites/your-highway/versions/92ae8aeb1ca725f8/files/2870d6c813f818d75231ef4a36c7d3fb87d29d20a05dfc868d6a3689832fa0f2 [none]
[debug] [2022-03-13T08:09:58.431Z] >>> [apiv2][body] POST https://upload-firebasehosting.googleapis.com/upload/sites/your-highway/versions/92ae8aeb1ca725f8/files/2870d6c813f818d75231ef4a36c7d3fb87d29d20a05dfc868d6a3689832fa0f2 [stream]
[debug] [2022-03-13T08:09:58.432Z] >>> [apiv2][query] POST https://upload-firebasehosting.googleapis.com/upload/sites/your-highway/versions/92ae8aeb1ca725f8/files/5f6a8f7cda1b96f239c163ad34d01528b95474ad4c95b41eeef7ac3a193fdf37 [none]
[debug] [2022-03-13T08:09:58.432Z] >>> [apiv2][body] POST https://upload-firebasehosting.googleapis.com/upload/sites/your-highway/versions/92ae8aeb1ca725f8/files/5f6a8f7cda1b96f239c163ad34d01528b95474ad4c95b41eeef7ac3a193fdf37 [stream]
[debug] [2022-03-13T08:09:58.434Z] >>> [apiv2][query] POST https://upload-firebasehosting.googleapis.com/upload/sites/your-highway/versions/92ae8aeb1ca725f8/files/3a8aa4c2d807c70df426fd14cd41b95cbae17689e7aa59fc0d25f8c63cae1426 [none]
[debug] [2022-03-13T08:09:58.434Z] >>> [apiv2][body] POST https://upload-firebasehosting.googleapis.com/upload/sites/your-highway/versions/92ae8aeb1ca725f8/files/3a8aa4c2d807c70df426fd14cd41b95cbae17689e7aa59fc0d25f8c63cae1426 [stream]
[debug] [2022-03-13T08:09:58.436Z] [hosting][populate queue][FINAL] {"max":1969,"min":1969,"avg":1969,"active":0,"complete":1,"success":1,"errored":0,"retried":0,"total":1,"elapsed":1979}
[debug] [2022-03-13T08:09:58.436Z] [hosting] uploads queued: 5
[debug] [2022-03-13T08:10:00.310Z] <<< [apiv2][status] POST https://upload-firebasehosting.googleapis.com/upload/sites/your-highway/versions/92ae8aeb1ca725f8/files/3a8aa4c2d807c70df426fd14cd41b95cbae17689e7aa59fc0d25f8c63cae1426 200
[debug] [2022-03-13T08:10:00.310Z] <<< [apiv2][body] POST https://upload-firebasehosting.googleapis.com/upload/sites/your-highway/versions/92ae8aeb1ca725f8/files/3a8aa4c2d807c70df426fd14cd41b95cbae17689e7aa59fc0d25f8c63cae1426 [stream]
[debug] [2022-03-13T08:10:00.317Z] <<< [apiv2][status] POST https://upload-firebasehosting.googleapis.com/upload/sites/your-highway/versions/92ae8aeb1ca725f8/files/5f6a8f7cda1b96f239c163ad34d01528b95474ad4c95b41eeef7ac3a193fdf37 200
[debug] [2022-03-13T08:10:00.318Z] <<< [apiv2][body] POST https://upload-firebasehosting.googleapis.com/upload/sites/your-highway/versions/92ae8aeb1ca725f8/files/5f6a8f7cda1b96f239c163ad34d01528b95474ad4c95b41eeef7ac3a193fdf37 [stream]
[debug] [2022-03-13T08:10:00.982Z] <<< [apiv2][status] POST https://upload-firebasehosting.googleapis.com/upload/sites/your-highway/versions/92ae8aeb1ca725f8/files/2870d6c813f818d75231ef4a36c7d3fb87d29d20a05dfc868d6a3689832fa0f2 200
[debug] [2022-03-13T08:10:00.983Z] <<< [apiv2][body] POST https://upload-firebasehosting.googleapis.com/upload/sites/your-highway/versions/92ae8aeb1ca725f8/files/2870d6c813f818d75231ef4a36c7d3fb87d29d20a05dfc868d6a3689832fa0f2 [stream]
[debug] [2022-03-13T08:10:01.604Z] <<< [apiv2][status] POST https://upload-firebasehosting.googleapis.com/upload/sites/your-highway/versions/92ae8aeb1ca725f8/files/3ca01b7f97897088e0d6e5e53258ce441645c0fce60941d92ace6752ce3d5e77 200
[debug] [2022-03-13T08:10:01.604Z] <<< [apiv2][body] POST https://upload-firebasehosting.googleapis.com/upload/sites/your-highway/versions/92ae8aeb1ca725f8/files/3ca01b7f97897088e0d6e5e53258ce441645c0fce60941d92ace6752ce3d5e77 [stream]
[debug] [2022-03-13T08:10:03.426Z] <<< [apiv2][status] POST https://upload-firebasehosting.googleapis.com/upload/sites/your-highway/versions/92ae8aeb1ca725f8/files/7c1aa2768f7070fbde34d07902decca9be4b8efdeead20b07a4df49a387b2bba 200
[debug] [2022-03-13T08:10:03.426Z] <<< [apiv2][body] POST https://upload-firebasehosting.googleapis.com/upload/sites/your-highway/versions/92ae8aeb1ca725f8/files/7c1aa2768f7070fbde34d07902decca9be4b8efdeead20b07a4df49a387b2bba [stream]
[debug] [2022-03-13T08:10:03.426Z] [hosting][upload queue][FINAL] {"max":5003,"min":1884,"avg":2903.4,"active":0,"complete":5,"success":5,"errored":0,"retried":0,"total":5,"elapsed":5003}
[info] +  hosting[your-highway]: file upload complete 
[debug] [2022-03-13T08:10:03.428Z] [hosting] deploy completed after 8276ms
[debug] [2022-03-13T08:10:03.434Z] [
  {
    "config": {
      "public": "build",
      "ignore": [
        "firebase.json",
        "**/.*",
        "**/node_modules/**"
      ],
      "site": "your-highway"
    },
    "site": "your-highway",
    "version": "projects/454489422773/sites/your-highway/versions/92ae8aeb1ca725f8"
  }
]
[info] i  hosting[your-highway]: finalizing version... 
[debug] [2022-03-13T08:10:03.438Z] >>> [apiv2][query] PATCH https://firebasehosting.googleapis.com/v1beta1/projects/454489422773/sites/your-highway/versions/92ae8aeb1ca725f8 updateMask=status
[debug] [2022-03-13T08:10:03.438Z] >>> [apiv2][body] PATCH https://firebasehosting.googleapis.com/v1beta1/projects/454489422773/sites/your-highway/versions/92ae8aeb1ca725f8 {"status":"FINALIZED"}
[debug] [2022-03-13T08:10:05.390Z] <<< [apiv2][status] PATCH https://firebasehosting.googleapis.com/v1beta1/projects/454489422773/sites/your-highway/versions/92ae8aeb1ca725f8 200
[debug] [2022-03-13T08:10:05.391Z] <<< [apiv2][body] PATCH https://firebasehosting.googleapis.com/v1beta1/projects/454489422773/sites/your-highway/versions/92ae8aeb1ca725f8 {"name":"projects/454489422773/sites/your-highway/versions/92ae8aeb1ca725f8","status":"FINALIZED","config":{},"labels":{"deployment-tool":"cli-firebase"},"createTime":"2022-03-13T08:10:00.494468Z","createUser":{"email":"meemrumi59@gmail.com"},"finalizeTime":"2022-03-13T08:10:10.957074Z","finalizeUser":{"email":"meemrumi59@gmail.com"}}
[debug] [2022-03-13T08:10:05.391Z] [hosting] finalized version for your-highway:[object Object]
[info] +  hosting[your-highway]: version finalized 
[info] i  hosting[your-highway]: releasing new version... 
[debug] [2022-03-13T08:10:05.397Z] >>> [apiv2][query] POST https://firebasehosting.googleapis.com/v1beta1/projects/454489422773/sites/your-highway/releases versionName=projects%2F454489422773%2Fsites%2Fyour-highway%2Fversions%2F92ae8aeb1ca725f8
[debug] [2022-03-13T08:10:05.397Z] >>> [apiv2][body] POST https://firebasehosting.googleapis.com/v1beta1/projects/454489422773/sites/your-highway/releases {"message":null}
[debug] [2022-03-13T08:10:07.322Z] <<< [apiv2][status] POST https://firebasehosting.googleapis.com/v1beta1/projects/454489422773/sites/your-highway/releases 200
[debug] [2022-03-13T08:10:07.322Z] <<< [apiv2][body] POST https://firebasehosting.googleapis.com/v1beta1/projects/454489422773/sites/your-highway/releases {"name":"projects/454489422773/sites/your-highway/releases/1647159012326524","version":{"name":"projects/454489422773/sites/your-highway/versions/92ae8aeb1ca725f8","status":"FINALIZED","config":{},"labels":{"deployment-tool":"cli-firebase"},"createTime":"2022-03-13T08:10:00.494468Z","createUser":{"email":"meemrumi59@gmail.com","imageUrl":"https://lh3.googleusercontent.com/a-/AOh14GgLaJ4ucsIWI18AQ31ZuJ3aZvJ1plFI9hTaTpZMGQ"},"finalizeTime":"2022-03-13T08:10:10.957074Z","finalizeUser":{"email":"meemrumi59@gmail.com","imageUrl":"https://lh3.googleusercontent.com/a-/AOh14GgLaJ4ucsIWI18AQ31ZuJ3aZvJ1plFI9hTaTpZMGQ"}},"type":"DEPLOY","releaseTime":"2022-03-13T08:10:12.326524551Z","releaseUser":{"email":"meemrumi59@gmail.com","imageUrl":"https://lh3.googleusercontent.com/a-/AOh14GgLaJ4ucsIWI18AQ31ZuJ3aZvJ1plFI9hTaTpZMGQ"}}
[debug] [2022-03-13T08:10:07.323Z] [hosting] release: {"name":"projects/454489422773/sites/your-highway/releases/1647159012326524","version":{"name":"projects/454489422773/sites/your-highway/versions/92ae8aeb1ca725f8","status":"FINALIZED","config":{},"labels":{"deployment-tool":"cli-firebase"},"createTime":"2022-03-13T08:10:00.494468Z","createUser":{"email":"meemrumi59@gmail.com","imageUrl":"https://lh3.googleusercontent.com/a-/AOh14GgLaJ4ucsIWI18AQ31ZuJ3aZvJ1plFI9hTaTpZMGQ"},"finalizeTime":"2022-03-13T08:10:10.957074Z","finalizeUser":{"email":"meemrumi59@gmail.com","imageUrl":"https://lh3.googleusercontent.com/a-/AOh14GgLaJ4ucsIWI18AQ31ZuJ3aZvJ1plFI9hTaTpZMGQ"}},"type":"DEPLOY","releaseTime":"2022-03-13T08:10:12.326524551Z","releaseUser":{"email":"meemrumi59@gmail.com","imageUrl":"https://lh3.googleusercontent.com/a-/AOh14GgLaJ4ucsIWI18AQ31ZuJ3aZvJ1plFI9hTaTpZMGQ"}}
[info] +  hosting[your-highway]: release complete 
